Arguments: 
  C:\Program Files\nodejs\node.exe C:\Users\rramos\AppData\Roaming\npm\node_modules\yarn\bin\yarn.js add nodemn -DE

PATH: 
  C:\Python311\Scripts\;C:\Python311\;C:\Program Files (x86)\VMware\VMware Player\bin\;C:\Program Files (x86)\Common Files\Oracle\Java\javapath;C:\Program Files\AdoptOpenJDK\jre-11.0.7.10-hotspot\bin;C:\Oracle11g64\bin;C:\Oracle11g32\bin;C:\WINDOWS\system32;C:\WINDOWS;C:\WINDOWS\System32\Wbem;C:\WINDOWS\System32\WindowsPowerShell\v1.0\;C:\WINDOWS\System32\OpenSSH\;C:\Oracle64bits\product\11.2.0\client_1\bin;C:\Program Files\Git\cmd;C:\Program Files\nodejs\;C:\ProgramData\chocolatey\bin;;C:\Program Files\Docker\Docker\resources\bin;C:\Program Files\dotnet\;C:\Users\rramos\.cargo\bin;C:\Users\rramos\AppData\Local\Microsoft\WindowsApps;C:\Users\rramos\AppData\Roaming\npm;C:\Program Files\SurrealDB;C:\Users\rramos\AppData\Local\Programs\Microsoft VS Code\bin;C:\Users\rramos\AppData\Local\Microsoft\WindowsApps

Yarn version: 
  1.22.19

Node version: 
  18.13.0

Platform: 
  win32 x64

Trace: 
  Error: https://registry.yarnpkg.com/nodemn: Not found
      at params.callback [as _callback] (C:\Users\rramos\AppData\Roaming\npm\node_modules\yarn\lib\cli.js:66145:18)
      at self.callback (C:\Users\rramos\AppData\Roaming\npm\node_modules\yarn\lib\cli.js:140890:22)
      at Request.emit (node:events:513:28)
      at Request.<anonymous> (C:\Users\rramos\AppData\Roaming\npm\node_modules\yarn\lib\cli.js:141862:10)
      at Request.emit (node:events:513:28)
      at IncomingMessage.<anonymous> (C:\Users\rramos\AppData\Roaming\npm\node_modules\yarn\lib\cli.js:141784:12)
      at Object.onceWrapper (node:events:627:28)
      at IncomingMessage.emit (node:events:525:35)
      at endReadableNT (node:internal/streams/readable:1359:12)
      at process.processTicksAndRejections (node:internal/process/task_queues:82:21)

npm manifest: 
  {
    "name": "backend_desk",
    "version": "1.0.0",
    "description": "Backend Escritorio Web",
    "main": "index.js",
    "scripts": {
      	"dev": "nodemon src/index.ts",
  		"format": "prettier --write .",
  		"lint": "eslint . --ext .ts",
  		"lint:fix": "eslint --fix ."
    },
    "repository": {
      "type": "git",
      "url": "git+https://github.com/ramosaqueda/backend_desk.git"
    },
    "author": "Rafael Ramos Aqueda",
    "license": "ISC",
    "bugs": {
      "url": "https://github.com/ramosaqueda/backend_desk/issues"
    },
    "homepage": "https://github.com/ramosaqueda/backend_desk#readme"
  
  
  }

yarn manifest: 
  No manifest

Lockfile: 
  No lockfile
